This is pdfTeX, Version 3.14159265-2.6-1.40.20 (TeX Live 2019/Debian) (preloaded format=pdflatex 2022.5.10)  27 MAY 2022 16:45
entering extended mode
 restricted \write18 enabled.
 %&-line parsing enabled.
**Abgabe.tex
(./Abgabe.tex
LaTeX2e <2020-02-02> patch level 2
L3 programming layer <2020-02-14>
(/usr/share/texlive/texmf-dist/tex/latex/base/article.cls
Document Class: article 2019/12/20 v1.4l Standard LaTeX document class
(/usr/share/texlive/texmf-dist/tex/latex/base/size11.clo
File: size11.clo 2019/12/20 v1.4l Standard LaTeX file (size option)
)
\c@part=\count167
\c@section=\count168
\c@subsection=\count169
\c@subsubsection=\count170
\c@paragraph=\count171
\c@subparagraph=\count172
\c@figure=\count173
\c@table=\count174
\abovecaptionskip=\skip47
\belowcaptionskip=\skip48
\bibindent=\dimen134
)
(/usr/share/texlive/texmf-dist/tex/latex/graphics/graphicx.sty
Package: graphicx 2019/11/30 v1.2a Enhanced LaTeX Graphics (DPC,SPQR)

(/usr/share/texlive/texmf-dist/tex/latex/graphics/keyval.sty
Package: keyval 2014/10/28 v1.15 key=value parser (DPC)
\KV@toks@=\toks14
)
(/usr/share/texlive/texmf-dist/tex/latex/graphics/graphics.sty
Package: graphics 2019/11/30 v1.4a Standard LaTeX Graphics (DPC,SPQR)

(/usr/share/texlive/texmf-dist/tex/latex/graphics/trig.sty
Package: trig 2016/01/03 v1.10 sin cos tan (DPC)
)
(/usr/share/texlive/texmf-dist/tex/latex/graphics-cfg/graphics.cfg
File: graphics.cfg 2016/06/04 v1.11 sample graphics configuration
)
Package graphics Info: Driver file: pdftex.def on input line 105.

(/usr/share/texlive/texmf-dist/tex/latex/graphics-def/pdftex.def
File: pdftex.def 2018/01/08 v1.0l Graphics/color driver for pdftex
))
\Gin@req@height=\dimen135
\Gin@req@width=\dimen136
)
(/usr/share/texlive/texmf-dist/tex/latex/amsmath/amsmath.sty
Package: amsmath 2020/01/20 v2.17e AMS math features
\@mathmargin=\skip49

For additional information on amsmath, use the `?' option.
(/usr/share/texlive/texmf-dist/tex/latex/amsmath/amstext.sty
Package: amstext 2000/06/29 v2.01 AMS text

(/usr/share/texlive/texmf-dist/tex/latex/amsmath/amsgen.sty
File: amsgen.sty 1999/11/30 v2.0 generic functions
\@emptytoks=\toks15
\ex@=\dimen137
))
(/usr/share/texlive/texmf-dist/tex/latex/amsmath/amsbsy.sty
Package: amsbsy 1999/11/29 v1.2d Bold Symbols
\pmbraise@=\dimen138
)
(/usr/share/texlive/texmf-dist/tex/latex/amsmath/amsopn.sty
Package: amsopn 2016/03/08 v2.02 operator names
)
\inf@bad=\count175
LaTeX Info: Redefining \frac on input line 227.
\uproot@=\count176
\leftroot@=\count177
LaTeX Info: Redefining \overline on input line 389.
\classnum@=\count178
\DOTSCASE@=\count179
LaTeX Info: Redefining \ldots on input line 486.
LaTeX Info: Redefining \dots on input line 489.
LaTeX Info: Redefining \cdots on input line 610.
\Mathstrutbox@=\box45
\strutbox@=\box46
\big@size=\dimen139
LaTeX Font Info:    Redeclaring font encoding OML on input line 733.
LaTeX Font Info:    Redeclaring font encoding OMS on input line 734.
\macc@depth=\count180
\c@MaxMatrixCols=\count181
\dotsspace@=\muskip16
\c@parentequation=\count182
\dspbrk@lvl=\count183
\tag@help=\toks16
\row@=\count184
\column@=\count185
\maxfields@=\count186
\andhelp@=\toks17
\eqnshift@=\dimen140
\alignsep@=\dimen141
\tagshift@=\dimen142
\tagwidth@=\dimen143
\totwidth@=\dimen144
\lineht@=\dimen145
\@envbody=\toks18
\multlinegap=\skip50
\multlinetaggap=\skip51
\mathdisplay@stack=\toks19
LaTeX Info: Redefining \[ on input line 2859.
LaTeX Info: Redefining \] on input line 2860.
)
(/usr/share/texlive/texmf-dist/tex/latex/amsfonts/amssymb.sty
Package: amssymb 2013/01/14 v3.01 AMS font symbols

(/usr/share/texlive/texmf-dist/tex/latex/amsfonts/amsfonts.sty
Package: amsfonts 2013/01/14 v3.01 Basic AMSFonts support
\symAMSa=\mathgroup4
\symAMSb=\mathgroup5
LaTeX Font Info:    Redeclaring math symbol \hbar on input line 98.
LaTeX Font Info:    Overwriting math alphabet `\mathfrak' in version `bold'
(Font)                  U/euf/m/n --> U/euf/b/n on input line 106.
))
(/usr/share/texlive/texmf-dist/tex/latex/l3backend/l3backend-pdfmode.def
File: l3backend-pdfmode.def 2020-02-03 L3 backend support: PDF mode
\l__kernel_color_stack_int=\count187
\l__pdf_internal_box=\box47
)
(./Abgabe.aux)
\openout1 = `Abgabe.aux'.

LaTeX Font Info:    Checking defaults for OML/cmm/m/it on input line 9.
LaTeX Font Info:    ... okay on input line 9.
LaTeX Font Info:    Checking defaults for OMS/cmsy/m/n on input line 9.
LaTeX Font Info:    ... okay on input line 9.
LaTeX Font Info:    Checking defaults for OT1/cmr/m/n on input line 9.
LaTeX Font Info:    ... okay on input line 9.
LaTeX Font Info:    Checking defaults for T1/cmr/m/n on input line 9.
LaTeX Font Info:    ... okay on input line 9.
LaTeX Font Info:    Checking defaults for TS1/cmr/m/n on input line 9.
LaTeX Font Info:    ... okay on input line 9.
LaTeX Font Info:    Checking defaults for OMX/cmex/m/n on input line 9.
LaTeX Font Info:    ... okay on input line 9.
LaTeX Font Info:    Checking defaults for U/cmr/m/n on input line 9.
LaTeX Font Info:    ... okay on input line 9.

(/usr/share/texlive/texmf-dist/tex/context/base/mkii/supp-pdf.mkii
[Loading MPS to PDF converter (version 2006.09.02).]
\scratchcounter=\count188
\scratchdimen=\dimen146
\scratchbox=\box48
\nofMPsegments=\count189
\nofMParguments=\count190
\everyMPshowfont=\toks20
\MPscratchCnt=\count191
\MPscratchDim=\dimen147
\MPnumerator=\count192
\makeMPintoPDFobject=\count193
\everyMPtoPDFconversion=\toks21
) (/usr/share/texlive/texmf-dist/tex/latex/epstopdf-pkg/epstopdf-base.sty
Package: epstopdf-base 2020-01-24 v2.11 Base part for package epstopdf
Package epstopdf-base Info: Redefining graphics rule for `.eps' on input line 4
85.

(/usr/share/texlive/texmf-dist/tex/latex/latexconfig/epstopdf-sys.cfg
File: epstopdf-sys.cfg 2010/07/13 v1.3 Configuration of (r)epstopdf for TeX Liv
e
))
LaTeX Font Info:    Trying to load font information for U+msa on input line 10.


(/usr/share/texlive/texmf-dist/tex/latex/amsfonts/umsa.fd
File: umsa.fd 2013/01/14 v3.01 AMS symbols A
)
LaTeX Font Info:    Trying to load font information for U+msb on input line 10.


(/usr/share/texlive/texmf-dist/tex/latex/amsfonts/umsb.fd
File: umsb.fd 2013/01/14 v3.01 AMS symbols B
) (./Abgabe.toc)
\tf@toc=\write3
\openout3 = `Abgabe.toc'.


[1

{/var/lib/texmf/fonts/map/pdftex/updmap/pdftex.map}]
Overfull \hbox (2.6328pt too wide) in paragraph at lines 24--26
\OT1/cmr/m/n/10.95 rate gezo-gen wer-den: die \OT1/cmr/m/it/10.95 B^^Sezier-Kur
ven \OT1/cmr/m/n/10.95 und die \OT1/cmr/m/it/10.95 Ten-sor Pro-dukt Oberfl^^?ac
hen\OT1/cmr/m/n/10.95 .
 []

<./pictures/Bezier_grad123.png, id=15, 401.5pt x 143.53625pt>
File: ./pictures/Bezier_grad123.png Graphic file (type png)
<use ./pictures/Bezier_grad123.png>
Package pdftex.def Info: ./pictures/Bezier_grad123.png  used on input line 49.
(pdftex.def)             Requested size: 401.49901pt x 143.53589pt.

Overfull \hbox (41.49901pt too wide) in paragraph at lines 49--50
[][] 
 []

[2 <./pictures/Bezier_grad123.png>]
Overfull \hbox (19.00433pt too wide) in paragraph at lines 69--73
[]\OT1/cmr/m/n/10.95 Mit diesen Gle-ichun-gen lassen sich viele zwei di-men-sio
n-ale For-men darstellen.
 []


Overfull \hbox (11.35464pt too wide) in paragraph at lines 81--83
[]\OT1/cmr/m/n/10.95 Diese k^^?onnen je-doch keine Kreise, El-lipsen oder Hy-pe
r-beln ex-akt darstellen.
 []

[3]
Overfull \hbox (10.09227pt too wide) in paragraph at lines 112--117
[]\OT1/cmr/m/n/10.95 Da die Gle-ichung f^^?ur B^^Sezier-Kurven im-mer iden-tisc
h ist, kann jede m^^?ogliche
 []

<./pictures/RationalBezier_mapping.png, id=27, 1027.84pt x 1027.84pt>
File: ./pictures/RationalBezier_mapping.png Graphic file (type png)
<use ./pictures/RationalBezier_mapping.png>
Package pdftex.def Info: ./pictures/RationalBezier_mapping.png  used on input l
ine 138.
(pdftex.def)             Requested size: 251.9989pt x 251.98769pt.

LaTeX Warning: `h' float specifier changed to `ht'.

[4] [5 <./pictures/RationalBezier_mapping.png>] [6]
Overfull \hbox (10.85599pt too wide) in paragraph at lines 215--218
[]\OT1/cmr/m/n/10.95 Die bekan-nteste rekur-sive Folge ist ver-mut-lich die Fi-
bonacci folge: $\OML/cmm/m/it/10.95 fib\OT1/cmr/m/n/10.95 (\OML/cmm/m/it/10.95 
n\OT1/cmr/m/n/10.95 ) =
 []


Overfull \hbox (7.03542pt too wide) in paragraph at lines 229--231
[]\OT1/cmr/m/n/10.95 Wenn eine Ba-s-is-funk-tion berech-net wird, dann bildet s
ich eine Art Dreieck.
 []


Overfull \hbox (9.97362pt too wide) in paragraph at lines 240--243
\OT1/cmr/m/n/10.95 Zusammenfassend k^^?onnen NURBS-Kurven mit fol-gen-der Gle-i
chung dargestellt
 []


Overfull \hbox (1.85785pt too wide) in paragraph at lines 240--243
\OT1/cmr/m/n/10.95 wer-den. Dabei sind $\OMS/cmsy/m/n/10.95 f\OML/cmm/m/it/10.9
5 P[]\OMS/cmsy/m/n/10.95 g$ \OT1/cmr/m/n/10.95 die Kon-trollpunkte, welche durc
h die $\OMS/cmsy/m/n/10.95 f\OML/cmm/m/it/10.95 w[]\OMS/cmsy/m/n/10.95 g$ \OT1/
cmr/m/n/10.95 gewichtet
 []


Overfull \hbox (21.64485pt too wide) in paragraph at lines 248--249
[]\OT1/cmr/m/n/10.95 Dabei k^^?onnen die ge-brochen ra-tio-nalen Ba-s-is-funk-t
io-nen $\OML/cmm/m/it/10.95 R[]\OT1/cmr/m/n/10.95 (\OML/cmm/m/it/10.95 u\OT1/cm
r/m/n/10.95 )$ her-ausgenom-
 []

[7]
Overfull \hbox (10.22192pt too wide) in paragraph at lines 294--297
\OT1/cmr/m/n/10.95 Eine Ver^^?anderung ^^?andert im-mer nur einen fest abge-gre
n-zten Bere-ich . Dadurch
 []

[8] [9]
Overfull \hbox (34.8845pt too wide) detected at line 337
\OML/cmm/m/it/10.95 C\OT1/cmr/m/n/10.95 (\OML/cmm/m/it/10.95 u\OT1/cmr/m/n/10.9
5 ) = (\OML/cmm/m/it/10.95 x\OT1/cmr/m/n/10.95 (\OML/cmm/m/it/10.95 u\OT1/cmr/m
/n/10.95 )\OML/cmm/m/it/10.95 ; y\OT1/cmr/m/n/10.95 (\OML/cmm/m/it/10.95 u\OT1/
cmr/m/n/10.95 )\OML/cmm/m/it/10.95 ; z\OT1/cmr/m/n/10.95 (\OML/cmm/m/it/10.95 u
\OT1/cmr/m/n/10.95 )) = [] = []
 []

[10] (./Abgabe.aux) ) 
Here is how much of TeX's memory you used:
 2322 strings out of 483140
 30101 string characters out of 5965151
 259375 words of memory out of 5000000
 17340 multiletter control sequences out of 15000+600000
 540396 words of font info for 54 fonts, out of 8000000 for 9000
 36 hyphenation exceptions out of 8191
 30i,8n,31p,244b,215s stack positions out of 5000i,500n,10000p,200000b,80000s
</usr/share/texlive/texmf-dist/fonts/type1/public/amsfonts
/cm/cmbx10.pfb></usr/share/texlive/texmf-dist/fonts/type1/public/amsfonts/cm/cm
bx12.pfb></usr/share/texlive/texmf-dist/fonts/type1/public/amsfonts/cm/cmex10.p
fb></usr/share/texlive/texmf-dist/fonts/type1/public/amsfonts/cm/cmmi10.pfb></u
sr/share/texlive/texmf-dist/fonts/type1/public/amsfonts/cm/cmmi12.pfb></usr/sha
re/texlive/texmf-dist/fonts/type1/public/amsfonts/cm/cmmi6.pfb></usr/share/texl
ive/texmf-dist/fonts/type1/public/amsfonts/cm/cmmi8.pfb></usr/share/texlive/tex
mf-dist/fonts/type1/public/amsfonts/cm/cmr10.pfb></usr/share/texlive/texmf-dist
/fonts/type1/public/amsfonts/cm/cmr12.pfb></usr/share/texlive/texmf-dist/fonts/
type1/public/amsfonts/cm/cmr17.pfb></usr/share/texlive/texmf-dist/fonts/type1/p
ublic/amsfonts/cm/cmr6.pfb></usr/share/texlive/texmf-dist/fonts/type1/public/am
sfonts/cm/cmr8.pfb></usr/share/texlive/texmf-dist/fonts/type1/public/amsfonts/c
m/cmsy10.pfb></usr/share/texlive/texmf-dist/fonts/type1/public/amsfonts/cm/cmsy
8.pfb></usr/share/texlive/texmf-dist/fonts/type1/public/amsfonts/cm/cmti10.pfb>

Output written on Abgabe.pdf (10 pages, 239610 bytes).
PDF statistics:
 102 PDF objects out of 1000 (max. 8388607)
 70 compressed objects within 1 object stream
 0 named destinations out of 1000 (max. 500000)
 11 words of extra memory for PDF output out of 10000 (max. 10000000)

